<?xml version="1.0" encoding="UTF-8"?>
<!-- Generated by org.testng.reporters.JUnitXMLReporter -->
<testsuite ignored="0" hostname="p-PC" failures="4" tests="6" name="Banking App testing" time="79.902" errors="0" timestamp="2024-02-06T11:12:14 IST">
  <testcase classname="com.inetbanking.Testcases.TC_loginDDT_002" name="loginDDT" time="16.008"/>
  <testcase classname="com.inetbanking.Testcases.TC_loginDDT_002" name="loginDDT" time="6.379">
    <failure type="java.lang.AssertionError" message="expected [true] but found [false]">
      <![CDATA[java.lang.AssertionError: expected [true] but found [false]
at com.inetbanking.Testcases.TC_loginDDT_002.loginDDT(TC_loginDDT_002.java:35)
at java.base/java.util.ArrayList.forEach(ArrayList.java:1511)
... Removed 31 stack frames]]>
    </failure>
  </testcase> <!-- loginDDT -->
  <testcase classname="com.inetbanking.Testcases.TC_loginDDT_002" name="loginDDT" time="10.948">
    <failure type="java.lang.AssertionError" message="expected [true] but found [false]">
      <![CDATA[java.lang.AssertionError: expected [true] but found [false]
at com.inetbanking.Testcases.TC_loginDDT_002.loginDDT(TC_loginDDT_002.java:35)
at java.base/java.util.ArrayList.forEach(ArrayList.java:1511)
... Removed 31 stack frames]]>
    </failure>
  </testcase> <!-- loginDDT -->
  <testcase classname="com.inetbanking.Testcases.TC_loginDDT_002" name="loginDDT" time="13.33"/>
  <testcase classname="com.inetbanking.Testcases.TC_loginDDT_002" name="loginDDT" time="7.428">
    <failure type="java.lang.AssertionError" message="expected [true] but found [false]">
      <![CDATA[java.lang.AssertionError: expected [true] but found [false]
at com.inetbanking.Testcases.TC_loginDDT_002.loginDDT(TC_loginDDT_002.java:35)
at java.base/java.util.ArrayList.forEach(ArrayList.java:1511)
... Removed 31 stack frames]]>
    </failure>
  </testcase> <!-- loginDDT -->
  <testcase classname="com.inetbanking.Testcases.TC_loginDDT_002" name="loginDDT" time="10.211">
    <failure type="java.lang.AssertionError" message="expected [true] but found [false]">
      <![CDATA[java.lang.AssertionError: expected [true] but found [false]
at com.inetbanking.Testcases.TC_loginDDT_002.loginDDT(TC_loginDDT_002.java:35)
at java.base/java.util.ArrayList.forEach(ArrayList.java:1511)
... Removed 31 stack frames]]>
    </failure>
  </testcase> <!-- loginDDT -->
</testsuite> <!-- Banking App testing -->
