<?xml version="1.0" encoding="UTF-8"?>
<testng-results ignored="0" total="1" passed="1" failed="0" skipped="0">
  <reporter-output>
  </reporter-output>
  <suite started-at="2024-02-07T13:31:21 IST" name="Suite" finished-at="2024-02-07T13:32:20 IST" duration-ms="59245">
    <groups>
    </groups>
    <test started-at="2024-02-07T13:31:21 IST" name="Banking App testing" finished-at="2024-02-07T13:32:20 IST" duration-ms="59245">
      <class name="com.inetbanking.Testcases.TC_addNewCustomer_003">
        <test-method is-config="true" signature="setup(java.lang.String)[pri:0, instance:com.inetbanking.Testcases.TC_addNewCustomer_003@3e08ff24]" started-at="2024-02-07T13:31:21 IST" name="setup" finished-at="2024-02-07T13:31:51 IST" duration-ms="29534" status="PASS">
          <params>
            <param index="0">
              <value>
                <![CDATA[chrome]]>
              </value>
            </param>
          </params>
          <reporter-output>
          </reporter-output>
        </test-method> <!-- setup -->
        <test-method signature="Logintest()[pri:0, instance:com.inetbanking.Testcases.TC_addNewCustomer_003@3e08ff24]" started-at="2024-02-07T13:31:51 IST" name="Logintest" finished-at="2024-02-07T13:32:17 IST" duration-ms="26691" status="PASS">
          <reporter-output>
          </reporter-output>
        </test-method> <!-- Logintest -->
        <test-method is-config="true" signature="teardown()[pri:0, instance:com.inetbanking.Testcases.TC_addNewCustomer_003@3e08ff24]" started-at="2024-02-07T13:32:17 IST" name="teardown" finished-at="2024-02-07T13:32:20 IST" duration-ms="2556" status="PASS">
          <reporter-output>
          </reporter-output>
        </test-method> <!-- teardown -->
      </class> <!-- com.inetbanking.Testcases.TC_addNewCustomer_003 -->
    </test> <!-- Banking App testing -->
  </suite> <!-- Suite -->
</testng-results>
